<?xml version="1.0" encoding="UTF-8"?>
<!-- Generated by org.testng.reporters.JUnitReportReporter -->
<testsuite hostname="DESKTOP-H3C49U0" failures="0" tests="1" name="com.simplilearn.demo.AutomaticAnnotationDemo" time="0.009" errors="0" timestamp="2022-05-18T20:10:14 IST" skipped="0">
  <testcase classname="com.simplilearn.demo.AutomaticAnnotationDemo" name="Hello" time="0.009"/>
  <system-out/>
</testsuite> <!-- com.simplilearn.demo.AutomaticAnnotationDemo -->
