<?xml version="1.0" encoding="UTF-8"?>
<!-- Generated by org.testng.reporters.JUnitReportReporter -->
<testsuite hostname="DESKTOP-H3C49U0" failures="0" tests="1" name="com.simplilearn.demo.FirstDemo" time="0.013" errors="0" timestamp="2022-05-18T20:08:50 IST" skipped="0">
  <testcase classname="com.simplilearn.demo.FirstDemo" name="Hello" time="0.013"/>
  <system-out/>
</testsuite> <!-- com.simplilearn.demo.FirstDemo -->
